2017-04-28 06:14:04.564 +0000: Embulk v0.8.18
2017-04-28 06:14:06.265 +0000 [INFO] (0001:transaction): Loaded plugin embulk-input-mysql (0.8.2)
2017-04-28 06:14:11.133 +0000 [INFO] (0001:transaction): Loaded plugin embulk-output-bigquery (0.4.5)
2017-04-28 06:14:11.189 +0000 [INFO] (0001:transaction): Fetch size is 10000. Using server-side prepared statement.
org.embulk.exec.PartialExecutionException: java.lang.RuntimeException: java.sql.SQLException: The server time zone value 'Asia/Tokyo' is unrecognized or represents more than one time zone. You must configure either the server or JDBC driver (via the serverTimezone configuration property) to use a more specifc time zone value if you want to utilize time zone support.
        at org.embulk.exec.BulkLoader$LoaderState.buildPartialExecuteException(org/embulk/exec/BulkLoader.java:373)
        at org.embulk.exec.BulkLoader.doRun(org/embulk/exec/BulkLoader.java:591)
        at org.embulk.exec.BulkLoader.access$000(org/embulk/exec/BulkLoader.java:33)
        at org.embulk.exec.BulkLoader$1.run(org/embulk/exec/BulkLoader.java:389)
        at org.embulk.exec.BulkLoader$1.run(org/embulk/exec/BulkLoader.java:385)
        at org.embulk.spi.Exec.doWith(org/embulk/spi/Exec.java:25)
        at org.embulk.exec.BulkLoader.run(org/embulk/exec/BulkLoader.java:385)
        at org.embulk.EmbulkEmbed.run(org/embulk/EmbulkEmbed.java:180)
        at java.lang.reflect.Method.invoke(java/lang/reflect/Method.java:498)
        at org.jruby.javasupport.JavaMethod.invokeDirectWithExceptionHandling(org/jruby/javasupport/JavaMethod.java:453)
        at org.jruby.javasupport.JavaMethod.invokeDirect(org/jruby/javasupport/JavaMethod.java:314)
        at RUBY.run(/home/vasily/.embulk/bin/embulk!/embulk/runner.rb:84)
        at RUBY.run(/home/vasily/.embulk/bin/embulk!/embulk/command/embulk_run.rb:307)
        at RUBY.<main>(/home/vasily/.embulk/bin/embulk!/embulk/command/embulk_main.rb:2)
        at org.jruby.Ruby.runInterpreter(org/jruby/Ruby.java:850)
        at org.jruby.Ruby.loadFile(org/jruby/Ruby.java:2976)
        at org.jruby.RubyKernel.requireCommon(org/jruby/RubyKernel.java:963)
        at org.jruby.RubyKernel.require(org/jruby/RubyKernel.java:956)
        at org.jruby.RubyKernel$INVOKER$s$1$0$require19.call(org/jruby/RubyKernel$INVOKER$s$1$0$require19.gen)
        at RUBY.(root)(uri:classloader:/META-INF/jruby.home/lib/ruby/stdlib/rubygems/core_ext/kernel_require.rb:1)
        at home.vasily.$_dot_embulk.bin.embulk.embulk.command.embulk_bundle.invokeOther66:require(home/vasily/$_dot_embulk/bin/embulk/embulk/command/file:/home/vasily/.embulk/bin/embulk!/embulk/command/embulk_bundle.rb:51)
        at home.vasily.$_dot_embulk.bin.embulk.embulk.command.embulk_bundle.<main>(file:/home/vasily/.embulk/bin/embulk!/embulk/command/embulk_bundle.rb:51)
        at java.lang.invoke.MethodHandle.invokeWithArguments(java/lang/invoke/MethodHandle.java:627)
        at org.jruby.Ruby.runScript(org/jruby/Ruby.java:834)
        at org.jruby.Ruby.runNormally(org/jruby/Ruby.java:749)
        at org.jruby.Ruby.runNormally(org/jruby/Ruby.java:767)
        at org.jruby.Ruby.runFromMain(org/jruby/Ruby.java:580)
        at org.jruby.Main.doRunFromMain(org/jruby/Main.java:425)
        at org.jruby.Main.internalRun(org/jruby/Main.java:313)
        at org.jruby.Main.run(org/jruby/Main.java:242)
        at org.jruby.Main.main(org/jruby/Main.java:204)
        at org.embulk.cli.Main.main(org/embulk/cli/Main.java:23)
        Suppressed: java.lang.NullPointerException
                        at org.embulk.exec.BulkLoader.doCleanup(BulkLoader.java:494)
                        at org.embulk.exec.BulkLoader$3.run(BulkLoader.java:425)
                        at org.embulk.exec.BulkLoader$3.run(BulkLoader.java:421)
                        at org.embulk.spi.Exec.doWith(Exec.java:25)
                        at org.embulk.exec.BulkLoader.cleanup(BulkLoader.java:421)
                        at org.embulk.EmbulkEmbed.run(EmbulkEmbed.java:184)
                        at sun.reflect.NativeMethodAccessorImpl.invoke0(Native Method)
                        at sun.reflect.NativeMethodAccessorImpl.invoke(NativeMethodAccessorImpl.java:62)
                        at sun.reflect.DelegatingMethodAccessorImpl.invoke(DelegatingMethodAccessorImpl.java:43)
                        at java.lang.reflect.Method.invoke(Method.java:498)
                        at org.jruby.javasupport.JavaMethod.invokeDirectWithExceptionHandling(JavaMethod.java:453)
                        at org.jruby.javasupport.JavaMethod.invokeDirect(JavaMethod.java:314)
                        at org.jruby.java.invokers.InstanceMethodInvoker.call(InstanceMethodInvoker.java:46)
                        at org.jruby.runtime.callsite.CachingCallSite.cacheAndCall(CachingCallSite.java:338)
                        at org.jruby.runtime.callsite.CachingCallSite.call(CachingCallSite.java:163)
                        at org.jruby.ir.interpreter.InterpreterEngine.processCall(InterpreterEngine.java:315)
                        at org.jruby.ir.interpreter.StartupInterpreterEngine.interpret(StartupInterpreterEngine.java:73)
                        at org.jruby.ir.interpreter.InterpreterEngine.interpret(InterpreterEngine.java:90)
                        at org.jruby.internal.runtime.methods.MixedModeIRMethod.INTERPRET_METHOD(MixedModeIRMethod.java:214)
                        at org.jruby.internal.runtime.methods.MixedModeIRMethod.call(MixedModeIRMethod.java:200)
                        at org.jruby.internal.runtime.methods.DynamicMethod.call(DynamicMethod.java:205)
                        at org.jruby.runtime.callsite.CachingCallSite.cacheAndCall(CachingCallSite.java:358)
                        at org.jruby.runtime.callsite.CachingCallSite.call(CachingCallSite.java:195)
                        at org.jruby.ir.interpreter.InterpreterEngine.processCall(InterpreterEngine.java:324)
                        at org.jruby.ir.interpreter.StartupInterpreterEngine.interpret(StartupInterpreterEngine.java:73)
                        at org.jruby.ir.interpreter.InterpreterEngine.interpret(InterpreterEngine.java:84)
                        at org.jruby.internal.runtime.methods.MixedModeIRMethod.INTERPRET_METHOD(MixedModeIRMethod.java:179)
                        at org.jruby.internal.runtime.methods.MixedModeIRMethod.call(MixedModeIRMethod.java:165)
                        at org.jruby.internal.runtime.methods.DynamicMethod.call(DynamicMethod.java:197)
                        at org.jruby.runtime.callsite.CachingCallSite.cacheAndCall(CachingCallSite.java:338)
                        at org.jruby.runtime.callsite.CachingCallSite.call(CachingCallSite.java:163)
                        at org.jruby.ir.interpreter.InterpreterEngine.processCall(InterpreterEngine.java:315)
                        at org.jruby.ir.interpreter.StartupInterpreterEngine.interpret(StartupInterpreterEngine.java:73)
                        at org.jruby.ir.interpreter.Interpreter.INTERPRET_ROOT(Interpreter.java:112)
                        at org.jruby.ir.interpreter.Interpreter.execute(Interpreter.java:99)
                        at org.jruby.ir.interpreter.Interpreter.execute(Interpreter.java:35)
                        at org.jruby.ir.IRTranslator.execute(IRTranslator.java:42)
                        at org.jruby.Ruby.runInterpreter(Ruby.java:850)
                        at org.jruby.Ruby.loadFile(Ruby.java:2976)
                        at org.jruby.runtime.load.LibrarySearcher$ResourceLibrary.load(LibrarySearcher.java:243)
                        at org.jruby.runtime.load.LibrarySearcher$FoundLibrary.load(LibrarySearcher.java:34)
                        at org.jruby.runtime.load.LoadService.tryLoadingLibraryOrScript(LoadService.java:885)
                        at org.jruby.runtime.load.LoadService.smartLoadInternal(LoadService.java:525)
                        at org.jruby.runtime.load.LoadService.require(LoadService.java:396)
                        at org.jruby.RubyKernel.requireCommon(RubyKernel.java:963)
                        at org.jruby.RubyKernel.require19(RubyKernel.java:956)
                        at org.jruby.RubyKernel$INVOKER$s$1$0$require19.call(RubyKernel$INVOKER$s$1$0$require19.gen)
                        at org.jruby.internal.runtime.methods.JavaMethod$JavaMethodOneOrNBlock.call(JavaMethod.java:383)
                        at org.jruby.internal.runtime.methods.AliasMethod.call(AliasMethod.java:61)
                        at org.jruby.runtime.callsite.CachingCallSite.call(CachingCallSite.java:161)
                        at org.jruby.ir.interpreter.InterpreterEngine.processCall(InterpreterEngine.java:315)
                        at org.jruby.ir.interpreter.StartupInterpreterEngine.interpret(StartupInterpreterEngine.java:73)
                        at org.jruby.ir.interpreter.InterpreterEngine.interpret(InterpreterEngine.java:84)
                        at org.jruby.internal.runtime.methods.MixedModeIRMethod.INTERPRET_METHOD(MixedModeIRMethod.java:179)
                        at org.jruby.internal.runtime.methods.MixedModeIRMethod.call(MixedModeIRMethod.java:165)
                        at org.jruby.internal.runtime.methods.DynamicMethod.call(DynamicMethod.java:197)
                        at org.jruby.runtime.callsite.CachingCallSite.cacheAndCall(CachingCallSite.java:338)
                        at org.jruby.runtime.callsite.CachingCallSite.call(CachingCallSite.java:163)
                        at home.vasily.$_dot_embulk.bin.embulk.embulk.command.embulk_bundle.invokeOther66:require(file:/home/vasily/.embulk/bin/embulk!/embulk/command/embulk_bundle.rb:51)
                        at home.vasily.$_dot_embulk.bin.embulk.embulk.command.embulk_bundle.RUBY$script(file:/home/vasily/.embulk/bin/embulk!/embulk/command/embulk_bundle.rb:51)
                        at java.lang.invoke.MethodHandle.invokeWithArguments(MethodHandle.java:627)
                        at org.jruby.ir.Compiler$1.load(Compiler.java:111)
                        at org.jruby.Ruby.runScript(Ruby.java:834)
                        at org.jruby.Ruby.runNormally(Ruby.java:749)
                        at org.jruby.Ruby.runNormally(Ruby.java:767)
                        at org.jruby.Ruby.runFromMain(Ruby.java:580)
                        at org.jruby.Main.doRunFromMain(Main.java:425)
                        at org.jruby.Main.internalRun(Main.java:313)
                        at org.jruby.Main.run(Main.java:242)
                        at org.jruby.Main.main(Main.java:204)
                        at org.embulk.cli.Main.main(Main.java:23)
Caused by: java.lang.RuntimeException: java.sql.SQLException: The server time zone value 'Asia/Tokyo' is unrecognized or represents more than one time zone. You must configure either the server or JDBC driver (via the serverTimezone configuration property) to use a more specifc time zone value if you want to utilize time zone support.
        at com.google.common.base.Throwables.propagate(Throwables.java:160)
        at org.embulk.input.jdbc.AbstractJdbcInputPlugin.transaction(AbstractJdbcInputPlugin.java:190)
        at org.embulk.exec.BulkLoader.doRun(BulkLoader.java:528)
        at org.embulk.exec.BulkLoader.access$000(BulkLoader.java:33)
        at org.embulk.exec.BulkLoader$1.run(BulkLoader.java:389)
        at org.embulk.exec.BulkLoader$1.run(BulkLoader.java:385)
        at org.embulk.spi.Exec.doWith(Exec.java:25)
        at org.embulk.exec.BulkLoader.run(BulkLoader.java:385)
        at org.embulk.EmbulkEmbed.run(EmbulkEmbed.java:180)
        at sun.reflect.NativeMethodAccessorImpl.invoke0(Native Method)
        at sun.reflect.NativeMethodAccessorImpl.invoke(NativeMethodAccessorImpl.java:62)
        at sun.reflect.DelegatingMethodAccessorImpl.invoke(DelegatingMethodAccessorImpl.java:43)
        at java.lang.reflect.Method.invoke(Method.java:498)
        at org.jruby.javasupport.JavaMethod.invokeDirectWithExceptionHandling(JavaMethod.java:453)
        at org.jruby.javasupport.JavaMethod.invokeDirect(JavaMethod.java:314)
        at org.jruby.java.invokers.InstanceMethodInvoker.call(InstanceMethodInvoker.java:46)
        at org.jruby.runtime.callsite.CachingCallSite.cacheAndCall(CachingCallSite.java:338)
        at org.jruby.runtime.callsite.CachingCallSite.call(CachingCallSite.java:163)
        at org.jruby.ir.interpreter.InterpreterEngine.processCall(InterpreterEngine.java:315)
        at org.jruby.ir.interpreter.StartupInterpreterEngine.interpret(StartupInterpreterEngine.java:73)
        at org.jruby.ir.interpreter.InterpreterEngine.interpret(InterpreterEngine.java:90)
        at org.jruby.internal.runtime.methods.MixedModeIRMethod.INTERPRET_METHOD(MixedModeIRMethod.java:214)
        at org.jruby.internal.runtime.methods.MixedModeIRMethod.call(MixedModeIRMethod.java:200)
        at org.jruby.internal.runtime.methods.DynamicMethod.call(DynamicMethod.java:205)
        at org.jruby.runtime.callsite.CachingCallSite.cacheAndCall(CachingCallSite.java:358)
        at org.jruby.runtime.callsite.CachingCallSite.call(CachingCallSite.java:195)
        at org.jruby.ir.interpreter.InterpreterEngine.processCall(InterpreterEngine.java:324)
        at org.jruby.ir.interpreter.StartupInterpreterEngine.interpret(StartupInterpreterEngine.java:73)
        at org.jruby.ir.interpreter.InterpreterEngine.interpret(InterpreterEngine.java:84)
        at org.jruby.internal.runtime.methods.MixedModeIRMethod.INTERPRET_METHOD(MixedModeIRMethod.java:179)
        at org.jruby.internal.runtime.methods.MixedModeIRMethod.call(MixedModeIRMethod.java:165)
        at org.jruby.internal.runtime.methods.DynamicMethod.call(DynamicMethod.java:197)
        at org.jruby.runtime.callsite.CachingCallSite.cacheAndCall(CachingCallSite.java:338)
        at org.jruby.runtime.callsite.CachingCallSite.call(CachingCallSite.java:163)
        at org.jruby.ir.interpreter.InterpreterEngine.processCall(InterpreterEngine.java:315)
        at org.jruby.ir.interpreter.StartupInterpreterEngine.interpret(StartupInterpreterEngine.java:73)
        at org.jruby.ir.interpreter.Interpreter.INTERPRET_ROOT(Interpreter.java:112)
        at org.jruby.ir.interpreter.Interpreter.execute(Interpreter.java:99)
        at org.jruby.ir.interpreter.Interpreter.execute(Interpreter.java:35)
        at org.jruby.ir.IRTranslator.execute(IRTranslator.java:42)
        at org.jruby.Ruby.runInterpreter(Ruby.java:850)
        at org.jruby.Ruby.loadFile(Ruby.java:2976)
        at org.jruby.runtime.load.LibrarySearcher$ResourceLibrary.load(LibrarySearcher.java:243)
        at org.jruby.runtime.load.LibrarySearcher$FoundLibrary.load(LibrarySearcher.java:34)
        at org.jruby.runtime.load.LoadService.tryLoadingLibraryOrScript(LoadService.java:885)
        at org.jruby.runtime.load.LoadService.smartLoadInternal(LoadService.java:525)
        at org.jruby.runtime.load.LoadService.require(LoadService.java:396)
        at org.jruby.RubyKernel.requireCommon(RubyKernel.java:963)
        at org.jruby.RubyKernel.require19(RubyKernel.java:956)
        at org.jruby.RubyKernel$INVOKER$s$1$0$require19.call(RubyKernel$INVOKER$s$1$0$require19.gen)
        at org.jruby.internal.runtime.methods.JavaMethod$JavaMethodOneOrNBlock.call(JavaMethod.java:383)
        at org.jruby.internal.runtime.methods.AliasMethod.call(AliasMethod.java:61)
        at org.jruby.runtime.callsite.CachingCallSite.call(CachingCallSite.java:161)
        at org.jruby.ir.interpreter.InterpreterEngine.processCall(InterpreterEngine.java:315)
        at org.jruby.ir.interpreter.StartupInterpreterEngine.interpret(StartupInterpreterEngine.java:73)
        at org.jruby.ir.interpreter.InterpreterEngine.interpret(InterpreterEngine.java:84)
        at org.jruby.internal.runtime.methods.MixedModeIRMethod.INTERPRET_METHOD(MixedModeIRMethod.java:179)
        at org.jruby.internal.runtime.methods.MixedModeIRMethod.call(MixedModeIRMethod.java:165)
        at org.jruby.internal.runtime.methods.DynamicMethod.call(DynamicMethod.java:197)
        at org.jruby.runtime.callsite.CachingCallSite.cacheAndCall(CachingCallSite.java:338)
        at org.jruby.runtime.callsite.CachingCallSite.call(CachingCallSite.java:163)
        at home.vasily.$_dot_embulk.bin.embulk.embulk.command.embulk_bundle.invokeOther66:require(file:/home/vasily/.embulk/bin/embulk!/embulk/command/embulk_bundle.rb:51)
        at home.vasily.$_dot_embulk.bin.embulk.embulk.command.embulk_bundle.RUBY$script(file:/home/vasily/.embulk/bin/embulk!/embulk/command/embulk_bundle.rb:51)
        at java.lang.invoke.MethodHandle.invokeWithArguments(MethodHandle.java:627)
        at org.jruby.ir.Compiler$1.load(Compiler.java:111)
        at org.jruby.ir.Compiler$1.load(Compiler.java:111)
        at org.jruby.Ruby.runScript(Ruby.java:834)
        at org.jruby.Ruby.runNormally(Ruby.java:749)
        at org.jruby.Ruby.runNormally(Ruby.java:767)
        at org.jruby.Ruby.runFromMain(Ruby.java:580)
        at org.jruby.Main.doRunFromMain(Main.java:425)
        at org.jruby.Main.internalRun(Main.java:313)
        at org.jruby.Main.run(Main.java:242)
        at org.jruby.Main.main(Main.java:204)
        at org.embulk.cli.Main.main(Main.java:23)
Caused by: java.sql.SQLException: The server time zone value 'Asia/Tokyo' is unrecognized or represents more than one time zone. You must configure either the server or JDBC driver (via the serverTimezone configuration property) to use a more specifc time zone value if you want to utilize time zone support.
        at com.mysql.jdbc.SQLError.createSQLException(SQLError.java:996)
        at com.mysql.jdbc.SQLError.createSQLException(SQLError.java:935)
        at com.mysql.jdbc.SQLError.createSQLException(SQLError.java:924)
        at com.mysql.jdbc.SQLError.createSQLException(SQLError.java:870)
        at com.mysql.jdbc.TimeUtil.getCanonicalTimezone(TimeUtil.java:413)
        at com.mysql.jdbc.ConnectionImpl.configureTimezone(ConnectionImpl.java:2009)
        at com.mysql.jdbc.ConnectionImpl.initializePropsFromServer(ConnectionImpl.java:3286)
        at com.mysql.jdbc.ConnectionImpl.connectOneTryOnly(ConnectionImpl.java:2278)
        at com.mysql.jdbc.ConnectionImpl.createNewIO(ConnectionImpl.java:2064)
        at com.mysql.jdbc.ConnectionImpl.<init>(ConnectionImpl.java:790)
        at com.mysql.jdbc.JDBC4Connection.<init>(JDBC4Connection.java:44)
        at sun.reflect.NativeConstructorAccessorImpl.newInstance0(Native Method)
        at sun.reflect.NativeConstructorAccessorImpl.newInstance(NativeConstructorAccessorImpl.java:62)
        at sun.reflect.DelegatingConstructorAccessorImpl.newInstance(DelegatingConstructorAccessorImpl.java:45)
        at java.lang.reflect.Constructor.newInstance(Constructor.java:423)
        at com.mysql.jdbc.Util.handleNewInstance(Util.java:377)
        at com.mysql.jdbc.ConnectionImpl.getInstance(ConnectionImpl.java:395)
        at com.mysql.jdbc.NonRegisteringDriver.connect(NonRegisteringDriver.java:325)
        at org.embulk.input.MySQLInputPlugin.newConnection(MySQLInputPlugin.java:113)
        at org.embulk.input.MySQLInputPlugin.newConnection(MySQLInputPlugin.java:21)
        at org.embulk.input.jdbc.AbstractJdbcInputPlugin.transaction(AbstractJdbcInputPlugin.java:186)
        ... 72 more
